<?xml version="1.0" encoding="UTF-8"?>
<!-- Generated by org.testng.reporters.JUnitReportReporter -->
<testsuite hostname="CBT-076" name="com.quickride.scripts.UserConfigTest" tests="1" failures="0" timestamp="18 Nov 2015 10:07:32 GMT" time="123.558" errors="0">
  <testcase name="testUserProfileSocialLinks" time="123.558" classname="com.quickride.scripts.UserConfigTest"/>
</testsuite> <!-- com.quickride.scripts.UserConfigTest -->
